<?xml version="1.0" encoding="UTF-8"?>
<testng-results skipped="0" failed="0" total="1" passed="1">
  <reporter-output>
  </reporter-output>
  <suite name="Default suite" duration-ms="17032" started-at="2014-12-22T17:07:33Z" finished-at="2014-12-22T17:07:50Z">
    <groups>
    </groups>
    <test name="Default test" duration-ms="17032" started-at="2014-12-22T17:07:33Z" finished-at="2014-12-22T17:07:50Z">
      <class name="pcci_Iris.Test_Case_1_LogIn">
        <test-method status="PASS" signature="tescase1_LogIn()[pri:0, instance:pcci_Iris.Test_Case_1_LogIn@357246de]" name="tescase1_LogIn" duration-ms="17032" started-at="2014-12-22T11:07:33Z" finished-at="2014-12-22T11:07:50Z">
          <reporter-output>
          </reporter-output>
        </test-method> <!-- tescase1_LogIn -->
      </class> <!-- pcci_Iris.Test_Case_1_LogIn -->
    </test> <!-- Default test -->
  </suite> <!-- Default suite -->
</testng-results>
